#
# There is insufficient memory for the Java Runtime Environment to continue.
# Native memory allocation (malloc) failed to allocate 1048576 bytes for AllocateHeap
# Possible reasons:
#   The system is out of physical RAM or swap space
#   In 32 bit mode, the process size limit was hit
# Possible solutions:
#   Reduce memory load on the system
#   Increase physical memory or swap space
#   Check if swap backing store is full
#   Use 64 bit Java on a 64 bit OS
#   Decrease Java heap size (-Xmx/-Xms)
#   Decrease number of Java threads
#   Decrease Java thread stack sizes (-Xss)
#   Set larger code cache with -XX:ReservedCodeCacheSize=
# This output file may be truncated or incomplete.
#
#  Out of Memory Error (memory/allocation.inline.hpp:61), pid=932, tid=3552
#
# JRE version:  (8.0_45-b15) (build )
# Java VM: Java HotSpot(TM) 64-Bit Server VM (25.45-b02 mixed mode windows-amd64 compressed oops)
# Failed to write core dump. Minidumps are not enabled by default on client versions of Windows
#

---------------  T H R E A D  ---------------

Current thread (0x00000000020cd800):  JavaThread "Unknown thread" [_thread_in_vm, id=3552, stack(0x00000000022a0000,0x00000000023a0000)]

Stack: [0x00000000022a0000,0x00000000023a0000]
Native frames: (J=compiled Java code, j=interpreted, Vv=VM code, C=native code)
V  [jvm.dll+0x32b57a]
V  [jvm.dll+0x279873]
V  [jvm.dll+0x27a509]
V  [jvm.dll+0x271825]
V  [jvm.dll+0x1606]
V  [jvm.dll+0x270892]
V  [jvm.dll+0x3eee4a]
V  [jvm.dll+0x3ea7a7]
V  [jvm.dll+0xf2cf2]
V  [jvm.dll+0x20f0c9]
V  [jvm.dll+0x240e0a]
V  [jvm.dll+0x15ba41]
C  [java.exe+0x216e]
C  [java.exe+0xcce7]
C  [java.exe+0xcd7b]
C  [kernel32.dll+0x159ed]
C  [ntdll.dll+0x2c541]


---------------  P R O C E S S  ---------------

Java Threads: ( => current thread )

Other Threads:

=>0x00000000020cd800 (exited) JavaThread "Unknown thread" [_thread_in_vm, id=3552, stack(0x00000000022a0000,0x00000000023a0000)]

VM state:not at safepoint (normal execution)

VM Mutex/Monitor currently owned by a thread: None

Heap:
 PSYoungGen      total 38400K, used 665K [0x00000000d5780000, 0x00000000d8200000, 0x0000000100000000)
  eden space 33280K, 2% used [0x00000000d5780000,0x00000000d5826670,0x00000000d7800000)
  from space 5120K, 0% used [0x00000000d7d00000,0x00000000d7d00000,0x00000000d8200000)
  to   space 5120K, 0% used [0x00000000d7800000,0x00000000d7800000,0x00000000d7d00000)
 ParOldGen       total 87552K, used 0K [0x0000000080600000, 0x0000000085b80000, 0x00000000d5780000)
  object space 87552K, 0% used [0x0000000080600000,0x0000000080600000,0x0000000085b80000)
 Metaspace       used 742K, capacity 4480K, committed 4480K, reserved 1056768K
  class space    used 75K, capacity 384K, committed 384K, reserved 1048576K

Card table byte_map: [0x0000000011a30000,0x0000000011e30000] byte_map_base: 0x000000001162d000

Marking Bits: (ParMarkBitMap*) 0x0000000061194040
 Begin Bits: [0x0000000012790000, 0x0000000014778000)
 End Bits:   [0x0000000014778000, 0x0000000016760000)

Polling page: 0x0000000001c60000

CodeCache: size=245760Kb used=328Kb max_used=328Kb free=245431Kb
 bounds [0x0000000002670000, 0x00000000028e0000, 0x0000000011670000]
 total_blobs=57 nmethods=0 adapters=37
 compilation: enabled

Compilation events (0 events):
No events

GC Heap History (0 events):
No events

Deoptimization events (0 events):
No events

Internal exceptions (0 events):
No events

Events (10 events):
Event: 0.059 loading class java/lang/Short
Event: 0.059 loading class java/lang/Short done
Event: 0.059 loading class java/lang/Integer
Event: 0.059 loading class java/lang/Integer done
Event: 0.059 loading class java/lang/Long
Event: 0.059 loading class java/lang/Long done
Event: 0.059 loading class java/lang/NullPointerException
Event: 0.059 loading class java/lang/NullPointerException done
Event: 0.059 loading class java/lang/ArithmeticException
Event: 0.060 loading class java/lang/ArithmeticException done


Dynamic libraries:
0x000000013f6f0000 - 0x000000013f727000 	C:\ProgramData\Oracle\Java\javapath\java.exe
0x0000000077110000 - 0x00000000772b9000 	C:\Windows\SYSTEM32\ntdll.dll
0x0000000076ef0000 - 0x000000007700f000 	C:\Windows\system32\kernel32.dll
0x000007fefcf80000 - 0x000007fefcfec000 	C:\Windows\system32\KERNELBASE.dll
0x000007fefd6d0000 - 0x000007fefd7ab000 	C:\Windows\system32\ADVAPI32.dll
0x000007fefe320000 - 0x000007fefe3bf000 	C:\Windows\system32\msvcrt.dll
0x000007fefdff0000 - 0x000007fefe00f000 	C:\Windows\SYSTEM32\sechost.dll
0x000007fefe010000 - 0x000007fefe13d000 	C:\Windows\system32\RPCRT4.dll
0x0000000077010000 - 0x000000007710a000 	C:\Windows\system32\USER32.dll
0x000007fefe620000 - 0x000007fefe687000 	C:\Windows\system32\GDI32.dll
0x000007fefe540000 - 0x000007fefe54e000 	C:\Windows\system32\LPK.dll
0x000007fefe550000 - 0x000007fefe619000 	C:\Windows\system32\USP10.dll
0x000007fefb020000 - 0x000007fefb214000 	C:\Windows\WinSxS\amd64_microsoft.windows.common-controls_6595b64144ccf1df_6.0.7601.17514_none_fa396087175ac9ac\COMCTL32.dll
0x000007fefe4c0000 - 0x000007fefe531000 	C:\Windows\system32\SHLWAPI.dll
0x000007fefe3d0000 - 0x000007fefe3fe000 	C:\Windows\system32\IMM32.DLL
0x000007fefd5c0000 - 0x000007fefd6c9000 	C:\Windows\system32\MSCTF.dll
0x00000000632e0000 - 0x00000000633b2000 	C:\Program Files\Java\jre1.8.0_45\bin\msvcr100.dll
0x0000000060990000 - 0x0000000061213000 	C:\Program Files\Java\jre1.8.0_45\bin\server\jvm.dll
0x000007fef2ab0000 - 0x000007fef2ab9000 	C:\Windows\system32\WSOCK32.dll
0x000007fefdcb0000 - 0x000007fefdcfd000 	C:\Windows\system32\WS2_32.dll
0x000007fefe3c0000 - 0x000007fefe3c8000 	C:\Windows\system32\NSI.dll
0x000007fef9e90000 - 0x000007fef9ecb000 	C:\Windows\system32\WINMM.dll
0x000007fefbfa0000 - 0x000007fefbfac000 	C:\Windows\system32\VERSION.dll
0x00000000772e0000 - 0x00000000772e7000 	C:\Windows\system32\PSAPI.DLL
0x0000000068100000 - 0x000000006810f000 	C:\Program Files\Java\jre1.8.0_45\bin\verify.dll
0x0000000065640000 - 0x0000000065669000 	C:\Program Files\Java\jre1.8.0_45\bin\java.dll
0x00000000680e0000 - 0x00000000680f6000 	C:\Program Files\Java\jre1.8.0_45\bin\zip.dll
0x000007feef880000 - 0x000007feef9a5000 	C:\Windows\system32\dbghelp.dll

VM Arguments:
java_command: <unknown>
java_class_path (initial): .
Launcher Type: SUN_STANDARD

Environment Variables:
PATH=C:\ProgramData\Oracle\Java\javapath;C:\Program Files\Java\jdk1.8.0_45\bin;C:\Users\Aram\AppData\Local\Smartbar\Application\;C:\Program Files (x86)\Windows Kits\8.0\Windows Performance Toolkit\;C:\Program Files\Microsoft SQL Server\110\Tools\Binn\;C:\Program Files (x86)\NVIDIA Corporation\PhysX\Common
USERNAME=Aram
OS=Windows_NT
PROCESSOR_IDENTIFIER=Intel64 Family 6 Model 42 Stepping 7, GenuineIntel



---------------  S Y S T E M  ---------------

OS: Windows 7 , 64 bit Build 7601 (6.1.7601.18409)

CPU:total 4 (4 cores per cpu, 1 threads per core) family 6 model 42 stepping 7, cmov, cx8, fxsr, mmx, sse, sse2, sse3, ssse3, sse4.1, sse4.2, popcnt, avx, aes, clmul, tsc, tscinvbit

Memory: 4k page, physical 8362976k(2092604k free), swap 8361112k(4844k free)

vm_info: Java HotSpot(TM) 64-Bit Server VM (25.45-b02) for windows-amd64 JRE (1.8.0_45-b15), built on Apr 30 2015 12:40:44 by "java_re" with MS VC++ 10.0 (VS2010)

time: Mon May 25 18:28:15 2015
elapsed time: 0 seconds (0d 0h 0m 0s)

